# JRE version: Java(TM) SE Runtime Environment (8.0_271-b09) (build 1.8.0_271-b09)
# Java VM: Java HotSpot(TM) 64-Bit Server VM (25.271-b09 mixed mode bsd-amd64 compressed oops)
Heap:
 PSYoungGen      total 368640K, used 61820K [0x000000076ab00000, 0x0000000786980000, 0x00000007c0000000)
  eden space 355840K, 17% used [0x000000076ab00000,0x000000076e75f2d0,0x0000000780680000)
  from space 12800K, 0% used [0x0000000781380000,0x0000000781380000,0x0000000782000000)
  to   space 13312K, 0% used [0x0000000780680000,0x0000000780680000,0x0000000781380000)
 ParOldGen       total 139776K, used 16579K [0x00000006c0000000, 0x00000006c8880000, 0x000000076ab00000)
  object space 139776K, 11% used [0x00000006c0000000,0x00000006c1030cf0,0x00000006c8880000)
 Metaspace       used 36541K, capacity 38261K, committed 38400K, reserved 1083392K
  class space    used 4956K, capacity 5313K, committed 5376K, reserved 1048576K
GC Heap History (10 events):
Event: 2.401 GC heap before
{Heap before GC invocations=6 (full 1):
 PSYoungGen      total 141824K, used 6763K [0x000000076ab00000, 0x000000077be00000, 0x00000007c0000000)
  eden space 131072K, 0% used [0x000000076ab00000,0x000000076ab00000,0x0000000772b00000)
  from space 10752K, 62% used [0x0000000772b00000,0x000000077319ad98,0x0000000773580000)
  to   space 9728K, 0% used [0x000000077b480000,0x000000077b480000,0x000000077be00000)
 ParOldGen       total 175104K, used 66K [0x00000006c0000000, 0x00000006cab00000, 0x000000076ab00000)
  object space 175104K, 0% used [0x00000006c0000000,0x00000006c0010a20,0x00000006cab00000)
 Metaspace       used 20407K, capacity 21239K, committed 21296K, reserved 1067008K
  class space    used 2742K, capacity 2944K, committed 2944K, reserved 1048576K
Event: 2.432 GC heap after
Heap after GC invocations=6 (full 1):
 PSYoungGen      total 141824K, used 0K [0x000000076ab00000, 0x000000077be00000, 0x00000007c0000000)
  eden space 131072K, 0% used [0x000000076ab00000,0x000000076ab00000,0x0000000772b00000)
  from space 10752K, 0% used [0x0000000772b00000,0x0000000772b00000,0x0000000773580000)
  to   space 9728K, 0% used [0x000000077b480000,0x000000077b480000,0x000000077be00000)
 ParOldGen       total 91136K, used 6578K [0x00000006c0000000, 0x00000006c5900000, 0x000000076ab00000)
  object space 91136K, 7% used [0x00000006c0000000,0x00000006c066cb30,0x00000006c5900000)
 Metaspace       used 20407K, capacity 21239K, committed 21296K, reserved 1067008K
  class space    used 2742K, capacity 2944K, committed 2944K, reserved 1048576K
}
Event: 3.551 GC heap before
{Heap before GC invocations=7 (full 1):
 PSYoungGen      total 141824K, used 131072K [0x000000076ab00000, 0x000000077be00000, 0x00000007c0000000)
  eden space 131072K, 100% used [0x000000076ab00000,0x0000000772b00000,0x0000000772b00000)
  from space 10752K, 0% used [0x0000000772b00000,0x0000000772b00000,0x0000000773580000)
  to   space 9728K, 0% used [0x000000077b480000,0x000000077b480000,0x000000077be00000)
 ParOldGen       total 91136K, used 6578K [0x00000006c0000000, 0x00000006c5900000, 0x000000076ab00000)
  object space 91136K, 7% used [0x00000006c0000000,0x00000006c066cb30,0x00000006c5900000)
 Metaspace       used 27550K, capacity 28637K, committed 28800K, reserved 1075200K
  class space    used 3630K, capacity 3872K, committed 3968K, reserved 1048576K
Event: 3.558 GC heap after
Heap after GC invocations=7 (full 1):
 PSYoungGen      total 228352K, used 8711K [0x000000076ab00000, 0x000000077bd80000, 0x00000007c0000000)
  eden space 219136K, 0% used [0x000000076ab00000,0x000000076ab00000,0x0000000778100000)
  from space 9216K, 94% used [0x000000077b480000,0x000000077bd01fe0,0x000000077bd80000)
  to   space 9728K, 0% used [0x000000077aa80000,0x000000077aa80000,0x000000077b400000)
 ParOldGen       total 91136K, used 6650K [0x00000006c0000000, 0x00000006c5900000, 0x000000076ab00000)
  object space 91136K, 7% used [0x00000006c0000000,0x00000006c067eb40,0x00000006c5900000)
 Metaspace       used 27550K, capacity 28637K, committed 28800K, reserved 1075200K
  class space    used 3630K, capacity 3872K, committed 3968K, reserved 1048576K
}
Event: 4.886 GC heap before
{Heap before GC invocations=8 (full 1):
 PSYoungGen      total 228352K, used 227847K [0x000000076ab00000, 0x000000077bd80000, 0x00000007c0000000)
  eden space 219136K, 100% used [0x000000076ab00000,0x0000000778100000,0x0000000778100000)
  from space 9216K, 94% used [0x000000077b480000,0x000000077bd01fe0,0x000000077bd80000)
  to   space 9728K, 0% used [0x000000077aa80000,0x000000077aa80000,0x000000077b400000)
 ParOldGen       total 91136K, used 6650K [0x00000006c0000000, 0x00000006c5900000, 0x000000076ab00000)
  object space 91136K, 7% used [0x00000006c0000000,0x00000006c067eb40,0x00000006c5900000)
 Metaspace       used 31528K, capacity 32879K, committed 33024K, reserved 1077248K
  class space    used 4282K, capacity 4596K, committed 4608K, reserved 1048576K
Event: 4.896 GC heap after
Heap after GC invocations=8 (full 1):
 PSYoungGen      total 271360K, used 9723K [0x000000076ab00000, 0x0000000782000000, 0x00000007c0000000)
  eden space 261632K, 0% used [0x000000076ab00000,0x000000076ab00000,0x000000077aa80000)
  from space 9728K, 99% used [0x000000077aa80000,0x000000077b3fec70,0x000000077b400000)
  to   space 12800K, 0% used [0x0000000781380000,0x0000000781380000,0x0000000782000000)
 ParOldGen       total 91136K, used 10962K [0x00000006c0000000, 0x00000006c5900000, 0x000000076ab00000)
  object space 91136K, 12% used [0x00000006c0000000,0x00000006c0ab4b88,0x00000006c5900000)
 Metaspace       used 31528K, capacity 32879K, committed 33024K, reserved 1077248K
  class space    used 4282K, capacity 4596K, committed 4608K, reserved 1048576K
}
Event: 5.263 GC heap before
{Heap before GC invocations=9 (full 1):
 PSYoungGen      total 271360K, used 65926K [0x000000076ab00000, 0x0000000782000000, 0x00000007c0000000)
  eden space 261632K, 21% used [0x000000076ab00000,0x000000076e1e2c18,0x000000077aa80000)
  from space 9728K, 99% used [0x000000077aa80000,0x000000077b3fec70,0x000000077b400000)
  to   space 12800K, 0% used [0x0000000781380000,0x0000000781380000,0x0000000782000000)
 ParOldGen       total 91136K, used 10962K [0x00000006c0000000, 0x00000006c5900000, 0x000000076ab00000)
  object space 91136K, 12% used [0x00000006c0000000,0x00000006c0ab4b88,0x00000006c5900000)
 Metaspace       used 33919K, capacity 35377K, committed 35456K, reserved 1079296K
  class space    used 4599K, capacity 4923K, committed 4992K, reserved 1048576K
Event: 5.274 GC heap after
Heap after GC invocations=9 (full 1):
 PSYoungGen      total 368640K, used 10895K [0x000000076ab00000, 0x0000000786980000, 0x00000007c0000000)
  eden space 355840K, 0% used [0x000000076ab00000,0x000000076ab00000,0x0000000780680000)
  from space 12800K, 85% used [0x0000000781380000,0x0000000781e23c80,0x0000000782000000)
  to   space 13312K, 0% used [0x0000000780680000,0x0000000780680000,0x0000000781380000)
 ParOldGen       total 91136K, used 10970K [0x00000006c0000000, 0x00000006c5900000, 0x000000076ab00000)
  object space 91136K, 12% used [0x00000006c0000000,0x00000006c0ab6b88,0x00000006c5900000)
 Metaspace       used 33919K, capacity 35377K, committed 35456K, reserved 1079296K
  class space    used 4599K, capacity 4923K, committed 4992K, reserved 1048576K
}
Event: 5.274 GC heap before
{Heap before GC invocations=10 (full 2):
 PSYoungGen      total 368640K, used 10895K [0x000000076ab00000, 0x0000000786980000, 0x00000007c0000000)
  eden space 355840K, 0% used [0x000000076ab00000,0x000000076ab00000,0x0000000780680000)
  from space 12800K, 85% used [0x0000000781380000,0x0000000781e23c80,0x0000000782000000)
  to   space 13312K, 0% used [0x0000000780680000,0x0000000780680000,0x0000000781380000)
 ParOldGen       total 91136K, used 10970K [0x00000006c0000000, 0x00000006c5900000, 0x000000076ab00000)
  object space 91136K, 12% used [0x00000006c0000000,0x00000006c0ab6b88,0x00000006c5900000)
 Metaspace       used 33919K, capacity 35377K, committed 35456K, reserved 1079296K
  class space    used 4599K, capacity 4923K, committed 4992K, reserved 1048576K
Event: 5.336 GC heap after
Heap after GC invocations=10 (full 2):
 PSYoungGen      total 368640K, used 0K [0x000000076ab00000, 0x0000000786980000, 0x00000007c0000000)
  eden space 355840K, 0% used [0x000000076ab00000,0x000000076ab00000,0x0000000780680000)
  from space 12800K, 0% used [0x0000000781380000,0x0000000781380000,0x0000000782000000)
  to   space 13312K, 0% used [0x0000000780680000,0x0000000780680000,0x0000000781380000)
 ParOldGen       total 139776K, used 16579K [0x00000006c0000000, 0x00000006c8880000, 0x000000076ab00000)
  object space 139776K, 11% used [0x00000006c0000000,0x00000006c1030cf0,0x00000006c8880000)
 Metaspace       used 33919K, capacity 35377K, committed 35456K, reserved 1079296K
  class space    used 4599K, capacity 4923K, committed 4992K, reserved 1048576K
}

